Android/Bright Agency/app/build/outputs/logs/manifest-merger-debug-report.txt
-- Merging decision tree log ---
manifest
ADDED from src\main\AndroidManifest.xml:2:1-107:12
INJECTED from src\main\AndroidManifest.xml:2:1-107:12
INJECTED from src\main\AndroidManifest.xml:2:1-107:12
INJECTED from src\main\AndroidManifest.xml:2:1-107:12
MERGED from [:cloudpossdk:] AndroidManifest.xml:2:1-11:12
MERGED from [com.android.support:appcompat-v7:22.0.0] AndroidManifest.xml:17:1-24:12
MERGED from [com.android.support:support-v4:22.0.0] AndroidManifest.xml:17:1-24:12
INJECTED from src\main\AndroidManifest.xml:2:1-107:12
INJECTED from src\main\AndroidManifest.xml:2:1-107:12
INJECTED from src\main\AndroidManifest.xml:2:1-107:12
	package
		ADDED from src\main\AndroidManifest.xml:3:5-33
		INJECTED from src\main\AndroidManifest.xml
		INJECTED from src\main\AndroidManifest.xml
	android:versionName
		ADDED from src\main\AndroidManifest.xml:5:5-30
		INJECTED from src\main\AndroidManifest.xml
		INJECTED from src\main\AndroidManifest.xml
	xmlns:android
		ADDED from src\main\AndroidManifest.xml:2:11-69
	android:versionCode
		ADDED from src\main\AndroidManifest.xml:4:5-28
		INJECTED from src\main\AndroidManifest.xml
		INJECTED from src\main\AndroidManifest.xml
uses-sdk
ADDED from src\main\AndroidManifest.xml:7:5-9:41
INJECTED from src\main\AndroidManifest.xml:7:5-9:41
INJECTED from src\main\AndroidManifest.xml:7:5-9:41
MERGED from [:cloudpossdk:] AndroidManifest.xml:7:5-9:41
MERGED from [:cloudpossdk:] AndroidManifest.xml:7:5-9:41
MERGED from [com.android.support:appcompat-v7:22.0.0] AndroidManifest.xml:20:5-43
MERGED from [com.android.support:appcompat-v7:22.0.0] AndroidManifest.xml:20:5-43
MERGED from [com.android.support:support-v4:22.0.0] AndroidManifest.xml:20:5-43
MERGED from [com.android.support:support-v4:22.0.0] AndroidManifest.xml:20:5-43
INJECTED from src\main\AndroidManifest.xml:7:5-9:41
INJECTED from src\main\AndroidManifest.xml:7:5-9:41
	android:targetSdkVersion
		ADDED from src\main\AndroidManifest.xml:9:9-38
		INJECTED from src\main\AndroidManifest.xml
		INJECTED from src\main\AndroidManifest.xml
	android:minSdkVersion
		ADDED from src\main\AndroidManifest.xml:8:9-34
		INJECTED from src\main\AndroidManifest.xml
		INJECTED from src\main\AndroidManifest.xml
uses-permission#android.permission.BLUETOOTH
ADDED from src\main\AndroidManifest.xml:11:5-68
	android:name
		ADDED from src\main\AndroidManifest.xml:11:22-65
uses-permission#android.permission.BLUETOOTH_ADMIN
ADDED from src\main\AndroidManifest.xml:12:5-74
	android:name
		ADDED from src\main\AndroidManifest.xml:12:22-71
uses-permission#android.permission.INTERNET
ADDED from src\main\AndroidManifest.xml:13:5-67
	android:name
		ADDED from src\main\AndroidManifest.xml:13:22-64
uses-permission#android.permission.ACCESS_WIFI_STATE
ADDED from src\main\AndroidManifest.xml:14:5-76
	android:name
		ADDED from src\main\AndroidManifest.xml:14:22-73
uses-permission#android.permission.ACCESS_NETWORK_STATE
ADDED from src\main\AndroidManifest.xml:15:5-79
	android:name
		ADDED from src\main\AndroidManifest.xml:15:22-76
android:uses-permission#android.permission.WRITE_EXTERNAL_STORAGE
ADDED from src\main\AndroidManifest.xml:17:5-89
	android:name
		ADDED from src\main\AndroidManifest.xml:17:30-86
android:uses-permission#android.permission.READ_PHONE_STATE
ADDED from src\main\AndroidManifest.xml:18:5-83
	android:name
		ADDED from src\main\AndroidManifest.xml:18:30-80
android:uses-permission#android.permission.READ_EXTERNAL_STORAGE
ADDED from src\main\AndroidManifest.xml:19:5-88
	android:name
		ADDED from src\main\AndroidManifest.xml:19:30-85
application
ADDED from src\main\AndroidManifest.xml:21:5-105:19
MERGED from [com.android.support:appcompat-v7:22.0.0] AndroidManifest.xml:22:5-20
MERGED from [com.android.support:appcompat-v7:22.0.0] AndroidManifest.xml:22:5-20
MERGED from [com.android.support:support-v4:22.0.0] AndroidManifest.xml:22:5-20
MERGED from [com.android.support:support-v4:22.0.0] AndroidManifest.xml:22:5-20
	android:label
		ADDED from src\main\AndroidManifest.xml:24:9-41
	android:icon
		ADDED from src\main\AndroidManifest.xml:23:9-40
	android:allowBackup
		ADDED from src\main\AndroidManifest.xml:22:9-35
	android:theme
		ADDED from src\main\AndroidManifest.xml:25:9-40
activity#com.example.agency.Login
ADDED from src\main\AndroidManifest.xml:26:9-35:20
	android:screenOrientation
		ADDED from src\main\AndroidManifest.xml:29:13-49
	android:label
		ADDED from src\main\AndroidManifest.xml:28:13-45
	android:name
		ADDED from src\main\AndroidManifest.xml:27:13-34
intent-filter#action:name:android.intent.action.MAIN+category:name:android.intent.category.LAUNCHER
ADDED from src\main\AndroidManifest.xml:30:13-34:29
action#android.intent.action.MAIN
ADDED from src\main\AndroidManifest.xml:31:17-69
	android:name
		ADDED from src\main\AndroidManifest.xml:31:25-66
category#android.intent.category.LAUNCHER
ADDED from src\main\AndroidManifest.xml:33:17-77
	android:name
		ADDED from src\main\AndroidManifest.xml:33:27-74
activity#com.example.agency.AgencyListActivity
ADDED from src\main\AndroidManifest.xml:36:9-40:52
	android:screenOrientation
		ADDED from src\main\AndroidManifest.xml:40:13-49
	android:parentActivityName
		ADDED from src\main\AndroidManifest.xml:39:13-55
	android:label
		ADDED from src\main\AndroidManifest.xml:38:13-45
	android:name
		ADDED from src\main\AndroidManifest.xml:37:13-47
activity#com.example.agency.AccountActivationActivity
ADDED from src\main\AndroidManifest.xml:41:9-44:64
	android:parentActivityName
		ADDED from src\main\AndroidManifest.xml:44:13-61
	android:label
		ADDED from src\main\AndroidManifest.xml:43:13-47
	android:name
		ADDED from src\main\AndroidManifest.xml:42:13-54
activity#com.example.agency.AccountOpening
ADDED from src\main\AndroidManifest.xml:45:9-48:64
	android:parentActivityName
		ADDED from src\main\AndroidManifest.xml:48:13-61
	android:label
		ADDED from src\main\AndroidManifest.xml:47:13-44
	android:name
		ADDED from src\main\AndroidManifest.xml:46:13-43
activity#com.example.agency.MemberRegistration
ADDED from src\main\AndroidManifest.xml:49:9-52:64
	android:parentActivityName
		ADDED from src\main\AndroidManifest.xml:52:13-61
	android:label
		ADDED from src\main\AndroidManifest.xml:51:13-41
	android:name
		ADDED from src\main\AndroidManifest.xml:50:13-47
activity#com.example.agency.CashWithdraw
ADDED from src\main\AndroidManifest.xml:53:9-56:64
	android:parentActivityName
		ADDED from src\main\AndroidManifest.xml:56:13-61
	android:label
		ADDED from src\main\AndroidManifest.xml:55:13-42
	android:name
		ADDED from src\main\AndroidManifest.xml:54:13-41
activity#com.example.agency.CashDeposit
ADDED from src\main\AndroidManifest.xml:57:9-60:64
	android:parentActivityName
		ADDED from src\main\AndroidManifest.xml:60:13-61
	android:label
		ADDED from src\main\AndroidManifest.xml:59:13-41
	android:name
		ADDED from src\main\AndroidManifest.xml:58:13-40
activity#com.example.agency.LoanRepayment
ADDED from src\main\AndroidManifest.xml:61:9-64:64
	android:parentActivityName
		ADDED from src\main\AndroidManifest.xml:64:13-61
	android:label
		ADDED from src\main\AndroidManifest.xml:63:13-43
	android:name
		ADDED from src\main\AndroidManifest.xml:62:13-42
activity#com.example.agency.CashTransfer
ADDED from src\main\AndroidManifest.xml:65:9-68:64
	android:parentActivityName
		ADDED from src\main\AndroidManifest.xml:68:13-61
	android:label
		ADDED from src\main\AndroidManifest.xml:67:13-42
	android:name
		ADDED from src\main\AndroidManifest.xml:66:13-41
activity#com.example.agency.ShareDeposit
ADDED from src\main\AndroidManifest.xml:69:9-72:64
	android:parentActivityName
		ADDED from src\main\AndroidManifest.xml:72:13-61
	android:label
		ADDED from src\main\AndroidManifest.xml:71:13-42
	android:name
		ADDED from src\main\AndroidManifest.xml:70:13-41
activity#com.example.agency.Sharevariation
ADDED from src\main\AndroidManifest.xml:73:9-76:64
	android:parentActivityName
		ADDED from src\main\AndroidManifest.xml:76:13-61
	android:label
		ADDED from src\main\AndroidManifest.xml:75:13-44
	android:name
		ADDED from src\main\AndroidManifest.xml:74:13-43
activity#com.example.agency.loanapplication
ADDED from src\main\AndroidManifest.xml:77:9-80:64
	android:parentActivityName
		ADDED from src\main\AndroidManifest.xml:80:13-61
	android:label
		ADDED from src\main\AndroidManifest.xml:79:13-45
	android:name
		ADDED from src\main\AndroidManifest.xml:78:13-44
activity#com.example.agency.BalanceEnquiry
ADDED from src\main\AndroidManifest.xml:81:9-84:64
	android:parentActivityName
		ADDED from src\main\AndroidManifest.xml:84:13-61
	android:label
		ADDED from src\main\AndroidManifest.xml:83:13-44
	android:name
		ADDED from src\main\AndroidManifest.xml:82:13-43
activity#com.example.agency.Ministatement
ADDED from src\main\AndroidManifest.xml:85:9-88:64
	android:parentActivityName
		ADDED from src\main\AndroidManifest.xml:88:13-61
	android:label
		ADDED from src\main\AndroidManifest.xml:87:13-43
	android:name
		ADDED from src\main\AndroidManifest.xml:86:13-42
activity#com.example.agency.ChangeClientPin
ADDED from src\main\AndroidManifest.xml:89:9-92:64
	android:parentActivityName
		ADDED from src\main\AndroidManifest.xml:92:13-61
	android:label
		ADDED from src\main\AndroidManifest.xml:91:13-46
	android:name
		ADDED from src\main\AndroidManifest.xml:90:13-44
activity#com.example.agency.Settings
ADDED from src\main\AndroidManifest.xml:93:9-96:58
	android:parentActivityName
		ADDED from src\main\AndroidManifest.xml:96:13-55
	android:label
		ADDED from src\main\AndroidManifest.xml:95:13-37
	android:name
		ADDED from src\main\AndroidManifest.xml:94:13-37
activity#com.example.agency.DeviceListActivity
ADDED from src\main\AndroidManifest.xml:97:9-99:62
	android:label
		ADDED from src\main\AndroidManifest.xml:99:13-59
	android:name
		ADDED from src\main\AndroidManifest.xml:98:13-47
activity#com.example.agency.BTDeviceList
ADDED from src\main\AndroidManifest.xml:100:9-102:48
	android:label
		ADDED from src\main\AndroidManifest.xml:102:13-45
	android:name
		ADDED from src\main\AndroidManifest.xml:101:13-41
activity#com.example.agency.reports
ADDED from src\main\AndroidManifest.xml:103:9-45
	android:name
		ADDED from src\main\AndroidManifest.xml:103:19-42
activity#com.example.agency.summary
ADDED from src\main\AndroidManifest.xml:104:9-54
	android:name
		ADDED from src\main\AndroidManifest.xml:104:19-42